<?xml version="1.0" encoding="UTF-8"?>
<!-- Generated by org.testng.reporters.JUnitXMLReporter -->
<testsuite ignored="0" hostname="DESKTOP-VCLKQSN" failures="0" tests="4" name="Default test" time="10.661" errors="0" timestamp="28 May 2021 12:10:16 GMT">
  <testcase classname="com.justdial.testcases.FitnessTestCases" name="fitness" time="2.316"/>
  <testcase classname="com.justdial.testcases.FitnessTestCases" name="fitnessMenu" time="0.106"/>
  <testcase classname="com.justdial.testcases.FitnessTestCases" name="gym" time="1.218"/>
  <testcase classname="com.justdial.testcases.FitnessTestCases" name="gymMenu" time="0.054"/>
</testsuite> <!-- Default test -->
