<?xml version="1.0" encoding="UTF-8"?>
<!-- Generated by org.testng.reporters.JUnitXMLReporter -->
<testsuite ignored="0" hostname="DESKTOP-VCLKQSN" failures="0" tests="6" name="Freelisting" time="1.351" errors="0" timestamp="01 Jun 2021 03:17:01 GMT">
  <testcase classname="com.justdial.testcases.FreelistingTestCases" name="@BeforeClass browser" time="0.203">
    <failure type="java.lang.NoSuchMethodError" message="&amp;apos;java.lang.String org.apache.commons.io.IOUtils.toString(java.io.InputStream, java.nio.charset.Charset)&amp;apos;">
      <![CDATA[java.lang.NoSuchMethodError: 'java.lang.String org.apache.commons.io.IOUtils.toString(java.io.InputStream, java.nio.charset.Charset)'
at io.github.bonigarcia.wdm.versions.VersionDetector.getProperties(VersionDetector.java:232)
at io.github.bonigarcia.wdm.versions.VersionDetector.getBrowserVersionFromTheShell(VersionDetector.java:137)
at io.github.bonigarcia.wdm.WebDriverManager.getBrowserVersionFromTheShell(WebDriverManager.java:731)
at io.github.bonigarcia.wdm.WebDriverManager.detectBrowserVersion(WebDriverManager.java:751)
at io.github.bonigarcia.wdm.WebDriverManager.resolveDriverVersion(WebDriverManager.java:614)
at io.github.bonigarcia.wdm.WebDriverManager.manage(WebDriverManager.java:565)
at io.github.bonigarcia.wdm.WebDriverManager.setup(WebDriverManager.java:287)
at com.justdial.homepage.Homepage.setup(Homepage.java:49)
at com.justdial.testcases.FreelistingTestCases.browser(FreelistingTestCases.java:27)
at java.base/java.util.concurrent.FutureTask.run(FutureTask.java:264)
at java.base/java.util.concurrent.ThreadPoolExecutor.runWorker(ThreadPoolExecutor.java:1130)
at java.base/java.util.concurrent.ThreadPoolExecutor$Worker.run(ThreadPoolExecutor.java:630)
at java.base/java.lang.Thread.run(Thread.java:832)
... Removed 17 stack frames]]>
    </failure>
  </testcase> <!-- @BeforeClass browser -->
  <testcase classname="com.justdial.testcases.FreelistingTestCases" name="@AfterClass terminate" time="0.0">
    <skipped/>
  </testcase> <!-- @AfterClass terminate -->
  <testcase classname="com.justdial.testcases.FreelistingTestCases" name="launch" time="0.0">
    <skipped/>
  </testcase> <!-- launch -->
  <testcase classname="com.justdial.testcases.FreelistingTestCases" name="allNullValues" time="0.0">
    <skipped/>
  </testcase> <!-- allNullValues -->
  <testcase classname="com.justdial.testcases.FreelistingTestCases" name="companyNullValue" time="0.0">
    <skipped/>
  </testcase> <!-- companyNullValue -->
  <testcase classname="com.justdial.testcases.FreelistingTestCases" name="mobileNullValue" time="0.0">
    <skipped/>
  </testcase> <!-- mobileNullValue -->
  <testcase classname="com.justdial.testcases.FreelistingTestCases" name="cityNullvalue" time="0.0">
    <skipped/>
  </testcase> <!-- cityNullvalue -->
  <testcase classname="com.justdial.testcases.FreelistingTestCases" name="validDataTest" time="0.0">
    <skipped/>
  </testcase> <!-- validDataTest -->
</testsuite> <!-- Freelisting -->
