<?xml version="1.0" encoding="UTF-8"?>
<!-- Generated by org.testng.reporters.JUnitXMLReporter -->
<testsuite ignored="0" hostname="DESKTOP-VCLKQSN" failures="0" tests="10" name="Homepage" time="1.254" errors="0" timestamp="01 Jun 2021 03:17:00 GMT">
  <testcase classname="com.justdial.testcases.HomepageTestCases" name="@BeforeClass Browser" time="1.177">
    <failure type="java.lang.NoSuchMethodError" message="&amp;apos;java.lang.String org.apache.commons.io.IOUtils.toString(java.io.InputStream, java.nio.charset.Charset)&amp;apos;">
      <![CDATA[java.lang.NoSuchMethodError: 'java.lang.String org.apache.commons.io.IOUtils.toString(java.io.InputStream, java.nio.charset.Charset)'
at io.github.bonigarcia.wdm.versions.VersionDetector.getProperties(VersionDetector.java:232)
at io.github.bonigarcia.wdm.versions.VersionDetector.getBrowserVersionFromTheShell(VersionDetector.java:137)
at io.github.bonigarcia.wdm.WebDriverManager.getBrowserVersionFromTheShell(WebDriverManager.java:731)
at io.github.bonigarcia.wdm.WebDriverManager.detectBrowserVersion(WebDriverManager.java:751)
at io.github.bonigarcia.wdm.WebDriverManager.resolveDriverVersion(WebDriverManager.java:614)
at io.github.bonigarcia.wdm.WebDriverManager.manage(WebDriverManager.java:565)
at io.github.bonigarcia.wdm.WebDriverManager.setup(WebDriverManager.java:287)
at com.justdial.homepage.Homepage.setup(Homepage.java:49)
at com.justdial.testcases.HomepageTestCases.Browser(HomepageTestCases.java:23)
at java.base/java.util.concurrent.FutureTask.run(FutureTask.java:264)
at java.base/java.util.concurrent.ThreadPoolExecutor.runWorker(ThreadPoolExecutor.java:1130)
at java.base/java.util.concurrent.ThreadPoolExecutor$Worker.run(ThreadPoolExecutor.java:630)
at java.base/java.lang.Thread.run(Thread.java:832)
... Removed 17 stack frames]]>
    </failure>
  </testcase> <!-- @BeforeClass Browser -->
  <testcase classname="com.justdial.testcases.HomepageTestCases" name="@AfterClass terminate" time="0.0">
    <skipped/>
  </testcase> <!-- @AfterClass terminate -->
  <testcase classname="com.justdial.testcases.HomepageTestCases" name="websiteTest" time="0.0">
    <skipped/>
  </testcase> <!-- websiteTest -->
  <testcase classname="com.justdial.testcases.HomepageTestCases" name="elementsTest" time="0.0">
    <skipped/>
  </testcase> <!-- elementsTest -->
  <testcase classname="com.justdial.testcases.HomepageTestCases" name="loginPageTest" time="0.0">
    <skipped/>
  </testcase> <!-- loginPageTest -->
  <testcase classname="com.justdial.testcases.HomepageTestCases" name="locationTest" time="0.0">
    <skipped/>
  </testcase> <!-- locationTest -->
  <testcase classname="com.justdial.testcases.HomepageTestCases" name="searchingTest" time="0.0">
    <skipped/>
  </testcase> <!-- searchingTest -->
  <testcase classname="com.justdial.testcases.HomepageTestCases" name="resultPageTest" time="0.0">
    <skipped/>
  </testcase> <!-- resultPageTest -->
  <testcase classname="com.justdial.testcases.HomepageTestCases" name="bestdealsTest" time="0.0">
    <skipped/>
  </testcase> <!-- bestdealsTest -->
  <testcase classname="com.justdial.testcases.HomepageTestCases" name="ratingCheck" time="0.0">
    <skipped/>
  </testcase> <!-- ratingCheck -->
  <testcase classname="com.justdial.testcases.HomepageTestCases" name="printData" time="0.0">
    <skipped/>
  </testcase> <!-- printData -->
  <testcase classname="com.justdial.testcases.HomepageTestCases" name="dataFromMenubar" time="0.0">
    <skipped/>
  </testcase> <!-- dataFromMenubar -->
</testsuite> <!-- Homepage -->
